<?xml version="1.0" encoding="UTF-8"?>
<coverage generated="1762758145440" clover="3.2.0">
  <project timestamp="1762758145440" name="All files">
    <metrics statements="15" coveredstatements="15" conditionals="10" coveredconditionals="8" methods="3" coveredmethods="3" elements="28" coveredelements="26" complexity="0" loc="15" ncloc="15" packages="2" files="3" classes="3"/>
    <package name=".rnstorybook.stories">
      <metrics statements="8" coveredstatements="8" conditionals="10" coveredconditionals="8" methods="1" coveredmethods="1"/>
      <file name="Button.tsx" path="C:\Users\EI13521\TaskManager\.rnstorybook\stories\Button.tsx">
        <metrics statements="8" coveredstatements="8" conditionals="10" coveredconditionals="8" methods="1" coveredmethods="1"/>
        <line num="13" count="1" type="stmt"/>
        <line num="21" count="2" type="cond" truecount="1" falsecount="1"/>
        <line num="22" count="2" type="cond" truecount="1" falsecount="1"/>
        <line num="24" count="2" type="stmt"/>
        <line num="25" count="2" type="stmt"/>
        <line num="27" count="2" type="stmt"/>
        <line num="45" count="1" type="stmt"/>
        <line num="91" count="1" type="stmt"/>
      </file>
    </package>
    <package name="src.screens">
      <metrics statements="7" coveredstatements="7" conditionals="0" coveredconditionals="0" methods="2" coveredmethods="2"/>
      <file name="ErrorList.tsx" path="C:\Users\EI13521\TaskManager\src\screens\ErrorList.tsx">
        <metrics statements="3" coveredstatements="3" conditionals="0" coveredconditionals="0" methods="1" coveredmethods="1"/>
        <line num="7" count="2" type="stmt"/>
        <line num="8" count="2" type="stmt"/>
        <line num="16" count="1" type="stmt"/>
      </file>
      <file name="SignOut.tsx" path="C:\Users\EI13521\TaskManager\src\screens\SignOut.tsx">
        <metrics statements="4" coveredstatements="4" conditionals="0" coveredconditionals="0" methods="1" coveredmethods="1"/>
        <line num="12" count="2" type="stmt"/>
        <line num="13" count="2" type="stmt"/>
        <line num="14" count="2" type="stmt"/>
        <line num="26" count="1" type="stmt"/>
      </file>
    </package>
  </project>
</coverage>
