{"C:\\Users\\EI13521\\TaskManager\\.rnstorybook\\stories\\Button.tsx": {"path":"C:\\Users\\EI13521\\TaskManager\\.rnstorybook\\stories\\Button.tsx","statementMap":{"0":{"start":{"line":13,"column":22},"end":{"line":43,"column":1}},"1":{"start":{"line":21,"column":20},"end":{"line":21,"column":63}},"2":{"start":{"line":22,"column":24},"end":{"line":22,"column":75}},"3":{"start":{"line":24,"column":20},"end":{"line":24,"column":32}},"4":{"start":{"line":25,"column":24},"end":{"line":25,"column":44}},"5":{"start":{"line":27,"column":2},"end":{"line":42,"column":4}},"6":{"start":{"line":45,"column":15},"end":{"line":89,"column":2}},"7":{"start":{"line":91,"column":23},"end":{"line":95,"column":1}}},"fnMap":{"0":{"name":"(anonymous_0)","decl":{"start":{"line":13,"column":22},"end":{"line":13,"column":23}},"loc":{"start":{"line":20,"column":19},"end":{"line":43,"column":1}},"line":20}},"branchMap":{"0":{"loc":{"start":{"line":14,"column":2},"end":{"line":14,"column":16}},"type":"default-arg","locations":[{"start":{"line":14,"column":12},"end":{"line":14,"column":16}}],"line":14},"1":{"loc":{"start":{"line":15,"column":2},"end":{"line":15,"column":16}},"type":"default-arg","locations":[{"start":{"line":15,"column":9},"end":{"line":15,"column":16}}],"line":15},"2":{"loc":{"start":{"line":16,"column":2},"end":{"line":16,"column":38}},"type":"default-arg","locations":[{"start":{"line":16,"column":20},"end":{"line":16,"column":38}}],"line":16},"3":{"loc":{"start":{"line":18,"column":2},"end":{"line":18,"column":32}},"type":"default-arg","locations":[{"start":{"line":18,"column":10},"end":{"line":18,"column":32}}],"line":18},"4":{"loc":{"start":{"line":21,"column":20},"end":{"line":21,"column":63}},"type":"cond-expr","locations":[{"start":{"line":21,"column":30},"end":{"line":21,"column":44}},{"start":{"line":21,"column":47},"end":{"line":21,"column":63}}],"line":21},"5":{"loc":{"start":{"line":22,"column":24},"end":{"line":22,"column":75}},"type":"cond-expr","locations":[{"start":{"line":22,"column":34},"end":{"line":22,"column":52}},{"start":{"line":22,"column":55},"end":{"line":22,"column":75}}],"line":22},"6":{"loc":{"start":{"line":35,"column":10},"end":{"line":35,"column":50}},"type":"binary-expr","locations":[{"start":{"line":35,"column":10},"end":{"line":35,"column":27}},{"start":{"line":35,"column":31},"end":{"line":35,"column":50}}],"line":35}},"s":{"0":1,"1":1,"2":1,"3":1,"4":1,"5":1,"6":1,"7":1},"f":{"0":1},"b":{"0":[1],"1":[1],"2":[1],"3":[1],"4":[1,0],"5":[1,0],"6":[1,1]},"_coverageSchema":"1a1c01bbd47fc00a2c39e90264f33305004495a9","hash":"33e5360c9211dbd097e05c47c5bc33f388560dff"}
,"C:\\Users\\EI13521\\TaskManager\\src\\context\\AuthContext.tsx": {"path":"C:\\Users\\EI13521\\TaskManager\\src\\context\\AuthContext.tsx","statementMap":{"0":{"start":{"line":15,"column":20},"end":{"line":21,"column":2}},"1":{"start":{"line":27,"column":25},"end":{"line":27,"column":37}},"2":{"start":{"line":28,"column":26},"end":{"line":28,"column":39}},"3":{"start":{"line":30,"column":69},"end":{"line":71,"column":1}},"4":{"start":{"line":31,"column":30},"end":{"line":31,"column":59}},"5":{"start":{"line":32,"column":28},"end":{"line":32,"column":48}},"6":{"start":{"line":33,"column":34},"end":{"line":33,"column":48}},"7":{"start":{"line":36,"column":2},"end":{"line":49,"column":9}},"8":{"start":{"line":37,"column":4},"end":{"line":48,"column":9}},"9":{"start":{"line":38,"column":6},"end":{"line":47,"column":7}},"10":{"start":{"line":39,"column":26},"end":{"line":39,"column":70}},"11":{"start":{"line":40,"column":27},"end":{"line":40,"column":72}},"12":{"start":{"line":41,"column":8},"end":{"line":41,"column":50}},"13":{"start":{"line":41,"column":23},"end":{"line":41,"column":50}},"14":{"start":{"line":42,"column":8},"end":{"line":42,"column":45}},"15":{"start":{"line":42,"column":24},"end":{"line":42,"column":45}},"16":{"start":{"line":44,"column":8},"end":{"line":44,"column":54}},"17":{"start":{"line":46,"column":8},"end":{"line":46,"column":26}},"18":{"start":{"line":51,"column":18},"end":{"line":58,"column":3}},"19":{"start":{"line":52,"column":24},"end":{"line":52,"column":43}},"20":{"start":{"line":53,"column":21},"end":{"line":53,"column":81}},"21":{"start":{"line":54,"column":4},"end":{"line":54,"column":22}},"22":{"start":{"line":55,"column":4},"end":{"line":55,"column":20}},"23":{"start":{"line":56,"column":4},"end":{"line":56,"column":59}},"24":{"start":{"line":57,"column":4},"end":{"line":57,"column":57}},"25":{"start":{"line":60,"column":18},"end":{"line":64,"column":3}},"26":{"start":{"line":61,"column":4},"end":{"line":61,"column":18}},"27":{"start":{"line":62,"column":4},"end":{"line":62,"column":18}},"28":{"start":{"line":63,"column":4},"end":{"line":63,"column":74}},"29":{"start":{"line":66,"column":4},"end":{"line":70,"column":6}},"30":{"start":{"line":74,"column":30},"end":{"line":74,"column":59}},"31":{"start":{"line":74,"column":36},"end":{"line":74,"column":59}}},"fnMap":{"0":{"name":"(anonymous_0)","decl":{"start":{"line":19,"column":12},"end":{"line":19,"column":13}},"loc":{"start":{"line":19,"column":23},"end":{"line":19,"column":26}},"line":19},"1":{"name":"(anonymous_1)","decl":{"start":{"line":20,"column":13},"end":{"line":20,"column":14}},"loc":{"start":{"line":20,"column":25},"end":{"line":20,"column":28}},"line":20},"2":{"name":"(anonymous_2)","decl":{"start":{"line":30,"column":69},"end":{"line":30,"column":70}},"loc":{"start":{"line":30,"column":87},"end":{"line":71,"column":1}},"line":30},"3":{"name":"(anonymous_3)","decl":{"start":{"line":36,"column":12},"end":{"line":36,"column":13}},"loc":{"start":{"line":36,"column":18},"end":{"line":49,"column":3}},"line":36},"4":{"name":"(anonymous_4)","decl":{"start":{"line":37,"column":5},"end":{"line":37,"column":6}},"loc":{"start":{"line":37,"column":17},"end":{"line":48,"column":5}},"line":37},"5":{"name":"(anonymous_5)","decl":{"start":{"line":51,"column":18},"end":{"line":51,"column":19}},"loc":{"start":{"line":51,"column":43},"end":{"line":58,"column":3}},"line":51},"6":{"name":"(anonymous_6)","decl":{"start":{"line":60,"column":18},"end":{"line":60,"column":19}},"loc":{"start":{"line":60,"column":30},"end":{"line":64,"column":3}},"line":60},"7":{"name":"(anonymous_7)","decl":{"start":{"line":74,"column":30},"end":{"line":74,"column":31}},"loc":{"start":{"line":74,"column":36},"end":{"line":74,"column":59}},"line":74}},"branchMap":{"0":{"loc":{"start":{"line":41,"column":8},"end":{"line":41,"column":50}},"type":"if","locations":[{"start":{"line":41,"column":8},"end":{"line":41,"column":50}},{"start":{},"end":{}}],"line":41},"1":{"loc":{"start":{"line":42,"column":8},"end":{"line":42,"column":45}},"type":"if","locations":[{"start":{"line":42,"column":8},"end":{"line":42,"column":45}},{"start":{},"end":{}}],"line":42},"2":{"loc":{"start":{"line":53,"column":21},"end":{"line":53,"column":81}},"type":"cond-expr","locations":[{"start":{"line":53,"column":53},"end":{"line":53,"column":65}},{"start":{"line":53,"column":68},"end":{"line":53,"column":81}}],"line":53}},"s":{"0":1,"1":1,"2":1,"3":1,"4":0,"5":0,"6":0,"7":0,"8":0,"9":0,"10":0,"11":0,"12":0,"13":0,"14":0,"15":0,"16":0,"17":0,"18":0,"19":0,"20":0,"21":0,"22":0,"23":0,"24":0,"25":0,"26":0,"27":0,"28":0,"29":0,"30":1,"31":1},"f":{"0":0,"1":0,"2":0,"3":0,"4":0,"5":0,"6":0,"7":1},"b":{"0":[0,0],"1":[0,0],"2":[0,0]},"_coverageSchema":"1a1c01bbd47fc00a2c39e90264f33305004495a9","hash":"2c7486adec80ca557e33c09de97f5d609f59fd35"}
,"C:\\Users\\EI13521\\TaskManager\\src\\hooks\\useAuth.ts": {"path":"C:\\Users\\EI13521\\TaskManager\\src\\hooks\\useAuth.ts","statementMap":{"0":{"start":{"line":3,"column":23},"end":{"line":6,"column":1}},"1":{"start":{"line":4,"column":45},"end":{"line":4,"column":61}},"2":{"start":{"line":5,"column":2},"end":{"line":5,"column":44}}},"fnMap":{"0":{"name":"(anonymous_0)","decl":{"start":{"line":3,"column":23},"end":{"line":3,"column":24}},"loc":{"start":{"line":3,"column":29},"end":{"line":6,"column":1}},"line":3}},"branchMap":{},"s":{"0":1,"1":1,"2":1},"f":{"0":1},"b":{},"_coverageSchema":"1a1c01bbd47fc00a2c39e90264f33305004495a9","hash":"3ce948a386314a844229d242dea077cd23dbfd69"}
,"C:\\Users\\EI13521\\TaskManager\\src\\screens\\ErrorList.tsx": {"path":"C:\\Users\\EI13521\\TaskManager\\src\\screens\\ErrorList.tsx","statementMap":{"0":{"start":{"line":7,"column":18},"end":{"line":7,"column":28}},"1":{"start":{"line":8,"column":4},"end":{"line":12,"column":6}},"2":{"start":{"line":16,"column":15},"end":{"line":18,"column":2}}},"fnMap":{"0":{"name":"(anonymous_0)","decl":{"start":{"line":6,"column":2},"end":{"line":6,"column":3}},"loc":{"start":{"line":6,"column":11},"end":{"line":13,"column":3}},"line":6}},"branchMap":{},"s":{"0":2,"1":2,"2":1},"f":{"0":2},"b":{},"_coverageSchema":"1a1c01bbd47fc00a2c39e90264f33305004495a9","hash":"3bf9be98ade4f3c881c747af2f1faaf63cddc150"}
,"C:\\Users\\EI13521\\TaskManager\\src\\screens\\SignIn.tsx": {"path":"C:\\Users\\EI13521\\TaskManager\\src\\screens\\SignIn.tsx","statementMap":{"0":{"start":{"line":17,"column":16},"end":{"line":17,"column":32}},"1":{"start":{"line":18,"column":42},"end":{"line":18,"column":57}},"2":{"start":{"line":19,"column":28},"end":{"line":19,"column":40}},"3":{"start":{"line":20,"column":28},"end":{"line":20,"column":57}},"4":{"start":{"line":21,"column":30},"end":{"line":21,"column":39}},"5":{"start":{"line":22,"column":23},"end":{"line":47,"column":3}},"6":{"start":{"line":23,"column":4},"end":{"line":23,"column":19}},"7":{"start":{"line":24,"column":4},"end":{"line":26,"column":5}},"8":{"start":{"line":25,"column":6},"end":{"line":25,"column":42}},"9":{"start":{"line":27,"column":4},"end":{"line":29,"column":5}},"10":{"start":{"line":28,"column":6},"end":{"line":28,"column":49}},"11":{"start":{"line":31,"column":23},"end":{"line":33,"column":5}},"12":{"start":{"line":32,"column":35},"end":{"line":32,"column":83}},"13":{"start":{"line":35,"column":4},"end":{"line":37,"column":5}},"14":{"start":{"line":36,"column":6},"end":{"line":36,"column":42}},"15":{"start":{"line":39,"column":4},"end":{"line":46,"column":5}},"16":{"start":{"line":40,"column":6},"end":{"line":40,"column":28}},"17":{"start":{"line":41,"column":6},"end":{"line":41,"column":20}},"18":{"start":{"line":43,"column":6},"end":{"line":43,"column":28}},"19":{"start":{"line":45,"column":6},"end":{"line":45,"column":29}},"20":{"start":{"line":49,"column":2},"end":{"line":49,"column":104}},"21":{"start":{"line":49,"column":15},"end":{"line":49,"column":104}},"22":{"start":{"line":51,"column":2},"end":{"line":76,"column":4}},"23":{"start":{"line":63,"column":10},"end":{"line":63,"column":25}},"24":{"start":{"line":79,"column":15},"end":{"line":100,"column":2}}},"fnMap":{"0":{"name":"SignIn","decl":{"start":{"line":16,"column":24},"end":{"line":16,"column":30}},"loc":{"start":{"line":16,"column":33},"end":{"line":77,"column":1}},"line":16},"1":{"name":"(anonymous_1)","decl":{"start":{"line":22,"column":23},"end":{"line":22,"column":24}},"loc":{"start":{"line":22,"column":35},"end":{"line":47,"column":3}},"line":22},"2":{"name":"(anonymous_2)","decl":{"start":{"line":32,"column":6},"end":{"line":32,"column":7}},"loc":{"start":{"line":32,"column":35},"end":{"line":32,"column":83}},"line":32},"3":{"name":"(anonymous_3)","decl":{"start":{"line":62,"column":22},"end":{"line":62,"column":23}},"loc":{"start":{"line":62,"column":32},"end":{"line":64,"column":9}},"line":62}},"branchMap":{"0":{"loc":{"start":{"line":24,"column":4},"end":{"line":26,"column":5}},"type":"if","locations":[{"start":{"line":24,"column":4},"end":{"line":26,"column":5}},{"start":{},"end":{}}],"line":24},"1":{"loc":{"start":{"line":27,"column":4},"end":{"line":29,"column":5}},"type":"if","locations":[{"start":{"line":27,"column":4},"end":{"line":29,"column":5}},{"start":{},"end":{}}],"line":27},"2":{"loc":{"start":{"line":35,"column":4},"end":{"line":37,"column":5}},"type":"if","locations":[{"start":{"line":35,"column":4},"end":{"line":37,"column":5}},{"start":{},"end":{}}],"line":35},"3":{"loc":{"start":{"line":49,"column":2},"end":{"line":49,"column":104}},"type":"if","locations":[{"start":{"line":49,"column":2},"end":{"line":49,"column":104}},{"start":{},"end":{}}],"line":49},"4":{"loc":{"start":{"line":66,"column":7},"end":{"line":66,"column":57}},"type":"binary-expr","locations":[{"start":{"line":66,"column":7},"end":{"line":66,"column":12}},{"start":{"line":66,"column":16},"end":{"line":66,"column":57}}],"line":66}},"s":{"0":9,"1":9,"2":9,"3":9,"4":9,"5":9,"6":0,"7":0,"8":0,"9":0,"10":0,"11":0,"12":0,"13":0,"14":0,"15":0,"16":0,"17":0,"18":0,"19":0,"20":9,"21":1,"22":8,"23":2,"24":1},"f":{"0":9,"1":0,"2":0,"3":2},"b":{"0":[0,0],"1":[0,0],"2":[0,0],"3":[1,8],"4":[8,0]},"_coverageSchema":"1a1c01bbd47fc00a2c39e90264f33305004495a9","hash":"d9696533df9b3ed8503f52a30eee9af5e3b5c7e1"}
,"C:\\Users\\EI13521\\TaskManager\\src\\screens\\SignOut.tsx": {"path":"C:\\Users\\EI13521\\TaskManager\\src\\screens\\SignOut.tsx","statementMap":{"0":{"start":{"line":12,"column":24},"end":{"line":12,"column":33}},"1":{"start":{"line":13,"column":18},"end":{"line":13,"column":34}},"2":{"start":{"line":14,"column":4},"end":{"line":23,"column":5}},"3":{"start":{"line":26,"column":15},"end":{"line":39,"column":2}}},"fnMap":{"0":{"name":"SignOut","decl":{"start":{"line":11,"column":24},"end":{"line":11,"column":31}},"loc":{"start":{"line":11,"column":33},"end":{"line":24,"column":1}},"line":11}},"branchMap":{},"s":{"0":1,"1":1,"2":1,"3":1},"f":{"0":1},"b":{},"_coverageSchema":"1a1c01bbd47fc00a2c39e90264f33305004495a9","hash":"6c88c6d2c9ec49af667dac9c10c777bf30383813"}
}
