{"C:\\Users\\EI13521\\TaskManager\\.rnstorybook\\stories\\Button.tsx": {"path":"C:\\Users\\EI13521\\TaskManager\\.rnstorybook\\stories\\Button.tsx","statementMap":{"0":{"start":{"line":13,"column":22},"end":{"line":43,"column":1}},"1":{"start":{"line":21,"column":20},"end":{"line":21,"column":63}},"2":{"start":{"line":22,"column":24},"end":{"line":22,"column":75}},"3":{"start":{"line":24,"column":20},"end":{"line":24,"column":32}},"4":{"start":{"line":25,"column":24},"end":{"line":25,"column":44}},"5":{"start":{"line":27,"column":2},"end":{"line":42,"column":4}},"6":{"start":{"line":45,"column":15},"end":{"line":89,"column":2}},"7":{"start":{"line":91,"column":23},"end":{"line":95,"column":1}}},"fnMap":{"0":{"name":"(anonymous_0)","decl":{"start":{"line":13,"column":22},"end":{"line":13,"column":23}},"loc":{"start":{"line":20,"column":19},"end":{"line":43,"column":1}},"line":20}},"branchMap":{"0":{"loc":{"start":{"line":14,"column":2},"end":{"line":14,"column":16}},"type":"default-arg","locations":[{"start":{"line":14,"column":12},"end":{"line":14,"column":16}}],"line":14},"1":{"loc":{"start":{"line":15,"column":2},"end":{"line":15,"column":16}},"type":"default-arg","locations":[{"start":{"line":15,"column":9},"end":{"line":15,"column":16}}],"line":15},"2":{"loc":{"start":{"line":16,"column":2},"end":{"line":16,"column":38}},"type":"default-arg","locations":[{"start":{"line":16,"column":20},"end":{"line":16,"column":38}}],"line":16},"3":{"loc":{"start":{"line":18,"column":2},"end":{"line":18,"column":32}},"type":"default-arg","locations":[{"start":{"line":18,"column":10},"end":{"line":18,"column":32}}],"line":18},"4":{"loc":{"start":{"line":21,"column":20},"end":{"line":21,"column":63}},"type":"cond-expr","locations":[{"start":{"line":21,"column":30},"end":{"line":21,"column":44}},{"start":{"line":21,"column":47},"end":{"line":21,"column":63}}],"line":21},"5":{"loc":{"start":{"line":22,"column":24},"end":{"line":22,"column":75}},"type":"cond-expr","locations":[{"start":{"line":22,"column":34},"end":{"line":22,"column":52}},{"start":{"line":22,"column":55},"end":{"line":22,"column":75}}],"line":22},"6":{"loc":{"start":{"line":35,"column":10},"end":{"line":35,"column":50}},"type":"binary-expr","locations":[{"start":{"line":35,"column":10},"end":{"line":35,"column":27}},{"start":{"line":35,"column":31},"end":{"line":35,"column":50}}],"line":35}},"s":{"0":1,"1":2,"2":2,"3":2,"4":2,"5":2,"6":1,"7":1},"f":{"0":2},"b":{"0":[2],"1":[2],"2":[2],"3":[2],"4":[2,0],"5":[2,0],"6":[2,2]},"_coverageSchema":"1a1c01bbd47fc00a2c39e90264f33305004495a9","hash":"33e5360c9211dbd097e05c47c5bc33f388560dff"}
,"C:\\Users\\EI13521\\TaskManager\\src\\screens\\ErrorList.tsx": {"path":"C:\\Users\\EI13521\\TaskManager\\src\\screens\\ErrorList.tsx","statementMap":{"0":{"start":{"line":7,"column":18},"end":{"line":7,"column":28}},"1":{"start":{"line":8,"column":4},"end":{"line":12,"column":6}},"2":{"start":{"line":16,"column":15},"end":{"line":18,"column":2}}},"fnMap":{"0":{"name":"(anonymous_0)","decl":{"start":{"line":6,"column":2},"end":{"line":6,"column":3}},"loc":{"start":{"line":6,"column":11},"end":{"line":13,"column":3}},"line":6}},"branchMap":{},"s":{"0":2,"1":2,"2":1},"f":{"0":2},"b":{},"_coverageSchema":"1a1c01bbd47fc00a2c39e90264f33305004495a9","hash":"3bf9be98ade4f3c881c747af2f1faaf63cddc150"}
,"C:\\Users\\EI13521\\TaskManager\\src\\screens\\SignOut.tsx": {"path":"C:\\Users\\EI13521\\TaskManager\\src\\screens\\SignOut.tsx","statementMap":{"0":{"start":{"line":12,"column":24},"end":{"line":12,"column":33}},"1":{"start":{"line":13,"column":18},"end":{"line":13,"column":34}},"2":{"start":{"line":14,"column":4},"end":{"line":23,"column":5}},"3":{"start":{"line":26,"column":15},"end":{"line":39,"column":2}}},"fnMap":{"0":{"name":"SignOut","decl":{"start":{"line":11,"column":24},"end":{"line":11,"column":31}},"loc":{"start":{"line":11,"column":33},"end":{"line":24,"column":1}},"line":11}},"branchMap":{},"s":{"0":2,"1":2,"2":2,"3":1},"f":{"0":2},"b":{},"_coverageSchema":"1a1c01bbd47fc00a2c39e90264f33305004495a9","hash":"6c88c6d2c9ec49af667dac9c10c777bf30383813"}
}
