TN:
SF:.rnstorybook\stories\Button.tsx
FN:13,(anonymous_0)
FNF:1
FNH:1
FNDA:1,(anonymous_0)
DA:13,1
DA:21,1
DA:22,1
DA:24,1
DA:25,1
DA:27,1
DA:45,1
DA:91,1
LF:8
LH:8
BRDA:14,0,0,1
BRDA:15,1,0,1
BRDA:16,2,0,1
BRDA:18,3,0,1
BRDA:21,4,0,1
BRDA:21,4,1,0
BRDA:22,5,0,1
BRDA:22,5,1,0
BRDA:35,6,0,1
BRDA:35,6,1,1
BRF:10
BRH:8
end_of_record
TN:
SF:src\context\AuthContext.tsx
FN:19,(anonymous_0)
FN:20,(anonymous_1)
FN:30,(anonymous_2)
FN:36,(anonymous_3)
FN:37,(anonymous_4)
FN:51,(anonymous_5)
FN:60,(anonymous_6)
FN:74,(anonymous_7)
FNF:8
FNH:1
FNDA:0,(anonymous_0)
FNDA:0,(anonymous_1)
FNDA:0,(anonymous_2)
FNDA:0,(anonymous_3)
FNDA:0,(anonymous_4)
FNDA:0,(anonymous_5)
FNDA:0,(anonymous_6)
FNDA:1,(anonymous_7)
DA:15,1
DA:27,1
DA:28,1
DA:30,1
DA:31,0
DA:32,0
DA:33,0
DA:36,0
DA:37,0
DA:38,0
DA:39,0
DA:40,0
DA:41,0
DA:42,0
DA:44,0
DA:46,0
DA:51,0
DA:52,0
DA:53,0
DA:54,0
DA:55,0
DA:56,0
DA:57,0
DA:60,0
DA:61,0
DA:62,0
DA:63,0
DA:66,0
DA:74,1
LF:29
LH:5
BRDA:41,0,0,0
BRDA:41,0,1,0
BRDA:42,1,0,0
BRDA:42,1,1,0
BRDA:53,2,0,0
BRDA:53,2,1,0
BRF:6
BRH:0
end_of_record
TN:
SF:src\hooks\useAuth.ts
FN:3,(anonymous_0)
FNF:1
FNH:1
FNDA:1,(anonymous_0)
DA:3,1
DA:4,1
DA:5,1
LF:3
LH:3
BRF:0
BRH:0
end_of_record
TN:
SF:src\screens\ErrorList.tsx
FN:6,(anonymous_0)
FNF:1
FNH:1
FNDA:2,(anonymous_0)
DA:7,2
DA:8,2
DA:16,1
LF:3
LH:3
BRF:0
BRH:0
end_of_record
TN:
SF:src\screens\SignIn.tsx
FN:16,SignIn
FN:22,(anonymous_1)
FN:32,(anonymous_2)
FN:62,(anonymous_3)
FNF:4
FNH:2
FNDA:9,SignIn
FNDA:0,(anonymous_1)
FNDA:0,(anonymous_2)
FNDA:2,(anonymous_3)
DA:17,9
DA:18,9
DA:19,9
DA:20,9
DA:21,9
DA:22,9
DA:23,0
DA:24,0
DA:25,0
DA:27,0
DA:28,0
DA:31,0
DA:32,0
DA:35,0
DA:36,0
DA:39,0
DA:40,0
DA:41,0
DA:43,0
DA:45,0
DA:49,9
DA:51,8
DA:63,2
DA:79,1
LF:24
LH:10
BRDA:24,0,0,0
BRDA:24,0,1,0
BRDA:27,1,0,0
BRDA:27,1,1,0
BRDA:35,2,0,0
BRDA:35,2,1,0
BRDA:49,3,0,1
BRDA:49,3,1,8
BRDA:66,4,0,8
BRDA:66,4,1,0
BRF:10
BRH:3
end_of_record
TN:
SF:src\screens\SignOut.tsx
FN:11,SignOut
FNF:1
FNH:1
FNDA:1,SignOut
DA:12,1
DA:13,1
DA:14,1
DA:26,1
LF:4
LH:4
BRF:0
BRH:0
end_of_record
