TN:
SF:.rnstorybook\stories\Button.tsx
FN:13,(anonymous_0)
FNF:1
FNH:1
FNDA:2,(anonymous_0)
DA:13,1
DA:21,2
DA:22,2
DA:24,2
DA:25,2
DA:27,2
DA:45,1
DA:91,1
LF:8
LH:8
BRDA:14,0,0,2
BRDA:15,1,0,2
BRDA:16,2,0,2
BRDA:18,3,0,2
BRDA:21,4,0,2
BRDA:21,4,1,0
BRDA:22,5,0,2
BRDA:22,5,1,0
BRDA:35,6,0,2
BRDA:35,6,1,2
BRF:10
BRH:8
end_of_record
TN:
SF:src\screens\ErrorList.tsx
FN:6,(anonymous_0)
FNF:1
FNH:1
FNDA:2,(anonymous_0)
DA:7,2
DA:8,2
DA:16,1
LF:3
LH:3
BRF:0
BRH:0
end_of_record
TN:
SF:src\screens\SignOut.tsx
FN:11,SignOut
FNF:1
FNH:1
FNDA:2,SignOut
DA:12,2
DA:13,2
DA:14,2
DA:26,1
LF:4
LH:4
BRF:0
BRH:0
end_of_record
